<?xml version="1.0" encoding="UTF-8"?>
<testng-results ignored="0" total="1" passed="1" failed="0" skipped="0">
  <reporter-output>
  </reporter-output>
  <suite started-at="2021-05-10T07:53:44 BST" name="Surefire suite" finished-at="2021-05-10T07:53:48 BST" duration-ms="3740">
    <groups>
    </groups>
    <test started-at="2021-05-10T07:53:44 BST" name="Surefire test" finished-at="2021-05-10T07:53:48 BST" duration-ms="3740">
      <class name="com.mycompany.app.AppTest">
        <test-method signature="shouldAnswerWithTrue()" started-at="2021-05-10T07:53:45 BST" name="shouldAnswerWithTrue" finished-at="2021-05-10T07:53:45 BST" duration-ms="9" status="PASS">
          <reporter-output>
          </reporter-output>
        </test-method> <!-- shouldAnswerWithTrue -->
      </class> <!-- com.mycompany.app.AppTest -->
    </test> <!-- Surefire test -->
  </suite> <!-- Surefire suite -->
</testng-results>
