<?xml version="1.0" encoding="UTF-8"?>
<testsuite xmlns:xsi="http://www.w3.org/2001/XMLSchema-instance" xsi:noNamespaceSchemaLocation="https://maven.apache.org/surefire/maven-surefire-plugin/xsd/surefire-test-report.xsd" name="com.mycompany.app.Utilities.TestRunner" time="10.712" tests="12" errors="2" skipped="5" failures="0">
  <properties>
[...]
</properties>
  <testcase name="Given user goes to chrome" classname="Scenario: test add to cart functionality" time="0.001"/>
  <testcase name="When user goes to the site &quot;http://automationpractice.com/index.php&quot;" classname="Scenario: test add to cart functionality" time="0"/>
  <testcase name="Then check if &quot;No products&quot; are there in a cart" classname="Scenario: test add to cart functionality" time="0"/>
  <testcase name="Then go back to the homepage" classname="Scenario: test add to cart functionality" time="0"/>
  <testcase name="Then Select a dress" classname="Scenario: test add to cart functionality" time="0"/>
  <testcase name="And add it to the cart" classname="Scenario: test add to cart functionality" time="0.007">
    <error message="Element &lt;div class=&quot;cart_block block exclusive&quot;&gt; could not be scrolled into view&#10;Build info: version: &apos;3.141.59&apos;, revision: &apos;e82be7d358&apos;, time: &apos;2018-11-14T08:17:03&apos;&#10;System info: host: &apos;LONLAP09834MAC&apos;, ip: &apos;fd44:5a17:3065:0:50cd:210e:8fe8:791f%en0&apos;, os.name: &apos;Mac OS X&apos;, os.arch: &apos;x86_64&apos;, os.version: &apos;10.15.6&apos;, java.version: &apos;14.0.1&apos;&#10;Driver info: org.openqa.selenium.firefox.FirefoxDriver&#10;Capabilities {acceptInsecureCerts: true, browserName: firefox, browserVersion: 87.0, javascriptEnabled: true, moz:accessibilityChecks: false, moz:buildID: 20210318103112, moz:geckodriverVersion: 0.26.0, moz:headless: false, moz:processID: 80322, moz:profile: /var/folders/fv/0szh27t93g3..., moz:shutdownTimeout: 60000, moz:useNonSpecCompliantPointerOrigin: false, moz:webdriverClick: true, pageLoadStrategy: normal, platform: MAC, platformName: MAC, platformVersion: 19.6.0, rotatable: false, setWindowRect: true, strictFileInteractability: false, timeouts: {implicit: 0, pageLoad: 300000, script: 30000}, unhandledPromptBehavior: dismiss and notify}&#10;Session ID: e0245c75-01cd-2a4b-9663-b180aba7a08e" type="org.openqa.selenium.ElementNotInteractableException"><![CDATA[org.openqa.selenium.ElementNotInteractableException: 
Element <div class="cart_block block exclusive"> could not be scrolled into view
Build info: version: '3.141.59', revision: 'e82be7d358', time: '2018-11-14T08:17:03'
System info: host: 'LONLAP09834MAC', ip: 'fd44:5a17:3065:0:50cd:210e:8fe8:791f%en0', os.name: 'Mac OS X', os.arch: 'x86_64', os.version: '10.15.6', java.version: '14.0.1'
Driver info: org.openqa.selenium.firefox.FirefoxDriver
Capabilities {acceptInsecureCerts: true, browserName: firefox, browserVersion: 87.0, javascriptEnabled: true, moz:accessibilityChecks: false, moz:buildID: 20210318103112, moz:geckodriverVersion: 0.26.0, moz:headless: false, moz:processID: 80322, moz:profile: /var/folders/fv/0szh27t93g3..., moz:shutdownTimeout: 60000, moz:useNonSpecCompliantPointerOrigin: false, moz:webdriverClick: true, pageLoadStrategy: normal, platform: MAC, platformName: MAC, platformVersion: 19.6.0, rotatable: false, setWindowRect: true, strictFileInteractability: false, timeouts: {implicit: 0, pageLoad: 300000, script: 30000}, unhandledPromptBehavior: dismiss and notify}
Session ID: e0245c75-01cd-2a4b-9663-b180aba7a08e
]]></error>
  </testcase>
  <testcase name="Scenario: test add to cart functionality" classname="Scenario: test add to cart functionality" time="0.007">
    <error message="Element &lt;div class=&quot;cart_block block exclusive&quot;&gt; could not be scrolled into view&#10;Build info: version: &apos;3.141.59&apos;, revision: &apos;e82be7d358&apos;, time: &apos;2018-11-14T08:17:03&apos;&#10;System info: host: &apos;LONLAP09834MAC&apos;, ip: &apos;fd44:5a17:3065:0:50cd:210e:8fe8:791f%en0&apos;, os.name: &apos;Mac OS X&apos;, os.arch: &apos;x86_64&apos;, os.version: &apos;10.15.6&apos;, java.version: &apos;14.0.1&apos;&#10;Driver info: org.openqa.selenium.firefox.FirefoxDriver&#10;Capabilities {acceptInsecureCerts: true, browserName: firefox, browserVersion: 87.0, javascriptEnabled: true, moz:accessibilityChecks: false, moz:buildID: 20210318103112, moz:geckodriverVersion: 0.26.0, moz:headless: false, moz:processID: 80322, moz:profile: /var/folders/fv/0szh27t93g3..., moz:shutdownTimeout: 60000, moz:useNonSpecCompliantPointerOrigin: false, moz:webdriverClick: true, pageLoadStrategy: normal, platform: MAC, platformName: MAC, platformVersion: 19.6.0, rotatable: false, setWindowRect: true, strictFileInteractability: false, timeouts: {implicit: 0, pageLoad: 300000, script: 30000}, unhandledPromptBehavior: dismiss and notify}&#10;Session ID: e0245c75-01cd-2a4b-9663-b180aba7a08e" type="org.openqa.selenium.ElementNotInteractableException"><![CDATA[org.openqa.selenium.ElementNotInteractableException: 
Element <div class="cart_block block exclusive"> could not be scrolled into view
Build info: version: '3.141.59', revision: 'e82be7d358', time: '2018-11-14T08:17:03'
System info: host: 'LONLAP09834MAC', ip: 'fd44:5a17:3065:0:50cd:210e:8fe8:791f%en0', os.name: 'Mac OS X', os.arch: 'x86_64', os.version: '10.15.6', java.version: '14.0.1'
Driver info: org.openqa.selenium.firefox.FirefoxDriver
Capabilities {acceptInsecureCerts: true, browserName: firefox, browserVersion: 87.0, javascriptEnabled: true, moz:accessibilityChecks: false, moz:buildID: 20210318103112, moz:geckodriverVersion: 0.26.0, moz:headless: false, moz:processID: 80322, moz:profile: /var/folders/fv/0szh27t93g3..., moz:shutdownTimeout: 60000, moz:useNonSpecCompliantPointerOrigin: false, moz:webdriverClick: true, pageLoadStrategy: normal, platform: MAC, platformName: MAC, platformVersion: 19.6.0, rotatable: false, setWindowRect: true, strictFileInteractability: false, timeouts: {implicit: 0, pageLoad: 300000, script: 30000}, unhandledPromptBehavior: dismiss and notify}
Session ID: e0245c75-01cd-2a4b-9663-b180aba7a08e
]]></error>
  </testcase>
  <testcase name="Then check if same &quot;Printed Dress&quot; has been added to the cart" classname="Scenario: test add to cart functionality" time="0">
    <skipped/>
  </testcase>
  <testcase name="Then click on checkout" classname="Scenario: test add to cart functionality" time="0">
    <skipped/>
  </testcase>
  <testcase name="Then check user is on first &quot;Summary&quot; phase" classname="Scenario: test add to cart functionality" time="0">
    <skipped/>
  </testcase>
  <testcase name="And click on proceed to checkout button" classname="Scenario: test add to cart functionality" time="0">
    <skipped/>
  </testcase>
  <testcase name="Then check user is on second &quot;Sign in&quot; phase" classname="Scenario: test add to cart functionality" time="0">
    <skipped/>
  </testcase>
</testsuite>